Starting Dynare (version 5.3).
Calling Dynare with arguments: none
Starting preprocessing of the model file ...
Found 53 equation(s).
Evaluating expressions...done
Computing static model derivatives (order 1).
Computing dynamic model derivatives (order 1).
Processing outputs ...
done
Preprocessing completed.


STEADY-STATE RESULTS:

C_1        		 0.981851
w_1__P_1   		 0.428878
S_1        		 0.339552
L_1        		 1.86578
P_11__P_1  		 0.771102
P_12__P_1  		 0.597989
x_111__P_1 		 0.125777
n_111      		 1.39192
v_111      		 0.14924
tau_111    		 1
kappa_111  		 1
x_112__P_1 		 0.269989
n_112      		 2.98783
v_112      		 0.320354
tau_112    		 1
kappa_112  		 1
x_211__P_1 		 0.00149393
n_211      		 0.0165325
v_211      		 0.00177261
tau_211    		 1.02598
kappa_211  		 5.26515
x_212__P_1 		 0.00257303
n_212      		 0.0284744
v_212      		 0.00305301
tau_212    		 1
kappa_212  		 1.67349
C_2        		 3.87922
w_2__P_2   		 0.134298
P_2__P_1   		 0.254189
S_2        		 4.28417
L_2        		 23.5409
P_21__P_2  		 1.5037
P_22__P_2  		 0.403303
x_121__P_2 		 0.00138724
n_121      		 0.0490259
v_121      		 0.00164603
tau_121    		 1.0128
kappa_121  		 18.1026
x_122__P_2 		 0.0029968
n_122      		 0.105909
v_122      		 0.00355584
tau_122    		 1
kappa_122  		 59.7525
x_221__P_2 		 0.167945
n_221      		 5.93526
v_221      		 0.199274
tau_221    		 1
kappa_221  		 1
x_222__P_2 		 0.28557
n_222      		 10.0922
v_222      		 0.338842
tau_222    		 1
kappa_222  		 1

STEADY-STATE RESULTS:

C_1        		 1
w_1__P_1   		 0.436514
S_1        		 0.339552
L_1        		 1.86578
P_11__P_1  		 0.71862
P_12__P_1  		 0.607207
x_111__P_1 		 0.1074
n_111      		 1.16775
v_111      		 0.127435
tau_111    		 1
kappa_111  		 1
x_112__P_1 		 0.273691
n_112      		 2.97582
v_112      		 0.324746
tau_112    		 1
kappa_112  		 1
x_211__P_1 		 0.058283
n_211      		 0.633706
v_211      		 0.0691554
tau_211    		 1.02598
kappa_211  		 8.17445
x_212__P_1 		 0.0455181
n_212      		 0.494914
v_212      		 0.0540092
tau_212    		 1
kappa_212  		 3.88373
C_2        		 3.89315
w_2__P_2   		 0.134753
P_2__P_1   		 1.17199
S_2        		 4.28417
L_2        		 23.5409
P_21__P_2  		 1.49641
P_22__P_2  		 0.403982
x_121__P_2 		 0.0355744
n_121      		 1.25298
v_121      		 0.0422106
tau_121    		 1.0128
kappa_121  		 0.338451
x_122__P_2 		 0.0132267
n_122      		 0.465863
v_122      		 0.0156941
tau_122    		 1
kappa_122  		 2.93402
x_221__P_2 		 0.165793
n_221      		 5.83947
v_221      		 0.196721
tau_221    		 1
kappa_221  		 1
x_222__P_2 		 0.285627
n_222      		 10.0602
v_222      		 0.338909
tau_222    		 1
kappa_222  		 1

--------------------------------------------------------------------------------
MODEL SIMULATION:

Iter: 1,	 Initial err. = 0.90296,	 err. = 1.1122e-16,	 time = 0.01
--------------------------------------------------------------------------------

Perfect foresight solution found.

Total computing time : 0h00m48s
